<?xml version="1.0" encoding="UTF-8"?>
<testng-results skipped="0" failed="0" total="1" passed="1">
  <reporter-output>
  </reporter-output>
  <suite name="Default suite" duration-ms="7943" started-at="2017-09-23T19:43:17Z" finished-at="2017-09-23T19:43:25Z">
    <groups>
    </groups>
    <test name="Default test" duration-ms="7943" started-at="2017-09-23T19:43:17Z" finished-at="2017-09-23T19:43:25Z">
      <class name="Epaylater.EpayLater_Testcases">
        <test-method status="PASS" signature="beforeSuite()[pri:0, instance:Epaylater.EpayLater_Testcases@4c70fda8]" name="beforeSuite" is-config="true" duration-ms="13545" started-at="2017-09-24T01:13:03Z" finished-at="2017-09-24T01:13:17Z">
          <reporter-output>
          </reporter-output>
        </test-method> <!-- beforeSuite -->
        <test-method status="PASS" signature="beforeTest()[pri:0, instance:Epaylater.EpayLater_Testcases@4c70fda8]" name="beforeTest" is-config="true" duration-ms="1" started-at="2017-09-24T01:13:17Z" finished-at="2017-09-24T01:13:17Z">
          <reporter-output>
          </reporter-output>
        </test-method> <!-- beforeTest -->
        <test-method status="PASS" signature="login_EpayLater()[pri:0, instance:Epaylater.EpayLater_Testcases@4c70fda8]" name="login_EpayLater" duration-ms="7923" started-at="2017-09-24T01:13:17Z" finished-at="2017-09-24T01:13:25Z">
          <reporter-output>
          </reporter-output>
        </test-method> <!-- login_EpayLater -->
        <test-method status="PASS" signature="afterSuite()[pri:0, instance:Epaylater.EpayLater_Testcases@4c70fda8]" name="afterSuite" is-config="true" duration-ms="730" started-at="2017-09-24T01:13:25Z" finished-at="2017-09-24T01:13:25Z">
          <reporter-output>
          </reporter-output>
        </test-method> <!-- afterSuite -->
      </class> <!-- Epaylater.EpayLater_Testcases -->
    </test> <!-- Default test -->
  </suite> <!-- Default suite -->
</testng-results>
